<?xml version="1.0" encoding="UTF-8"?>
<testng-results ignored="0" total="11" passed="11" failed="0" skipped="0">
  <reporter-output>
    <line>
      <![CDATA[Launching chrome successfully]]>
    </line>
    <line>
      <![CDATA[Test case passed But server Currently not Handle the data]]>
    </line>
    <line>
      <![CDATA[Launching chrome successfully]]>
    </line>
    <line>
      <![CDATA[Launching chrome successfully]]>
    </line>
  </reporter-output>
  <suite started-at="2025-01-26T15:52:16 IST" name="Suite" finished-at="2025-01-26T15:53:21 IST" duration-ms="64232">
    <groups>
    </groups>
    <test started-at="2025-01-26T15:52:16 IST" name="Test" finished-at="2025-01-26T15:53:21 IST" duration-ms="64232">
      <class name="com.inetBanking.testCases.TC_LoginTest_001">
        <test-method is-config="true" signature="toLaunchBrowser(java.lang.String)[pri:0, instance:com.inetBanking.testCases.TC_LoginTest_001@b3ca52e]" started-at="2025-01-26T15:52:41 IST" name="toLaunchBrowser" finished-at="2025-01-26T15:52:45 IST" duration-ms="3112" status="PASS">
          <params>
            <param index="0">
              <value>
                <![CDATA[chrome]]>
              </value>
            </param>
          </params>
          <reporter-output>
            <line>
              <![CDATA[Launching chrome successfully]]>
            </line>
          </reporter-output>
        </test-method> <!-- toLaunchBrowser -->
        <test-method signature="loginTest()[pri:0, instance:com.inetBanking.testCases.TC_LoginTest_001@b3ca52e]" started-at="2025-01-26T15:52:45 IST" name="loginTest" finished-at="2025-01-26T15:52:46 IST" duration-ms="1274" status="PASS">
          <reporter-output>
          </reporter-output>
        </test-method> <!-- loginTest -->
        <test-method is-config="true" signature="tearDown()[pri:0, instance:com.inetBanking.testCases.TC_LoginTest_001@b3ca52e]" started-at="2025-01-26T15:52:46 IST" name="tearDown" finished-at="2025-01-26T15:52:46 IST" duration-ms="496" status="PASS">
          <reporter-output>
          </reporter-output>
        </test-method> <!-- tearDown -->
      </class> <!-- com.inetBanking.testCases.TC_LoginTest_001 -->
      <class name="com.inetBanking.testCases.TC_AddCustomerTest_003">
        <test-method is-config="true" signature="toLaunchBrowser(java.lang.String)[pri:0, instance:com.inetBanking.testCases.TC_AddCustomerTest_003@2aceadd4]" started-at="2025-01-26T15:52:17 IST" name="toLaunchBrowser" finished-at="2025-01-26T15:52:24 IST" duration-ms="7951" status="PASS">
          <params>
            <param index="0">
              <value>
                <![CDATA[chrome]]>
              </value>
            </param>
          </params>
          <reporter-output>
            <line>
              <![CDATA[Launching chrome successfully]]>
            </line>
          </reporter-output>
        </test-method> <!-- toLaunchBrowser -->
        <test-method signature="addNewCustomer()[pri:0, instance:com.inetBanking.testCases.TC_AddCustomerTest_003@2aceadd4]" started-at="2025-01-26T15:52:24 IST" name="addNewCustomer" finished-at="2025-01-26T15:52:41 IST" duration-ms="16175" status="PASS">
          <reporter-output>
            <line>
              <![CDATA[Test case passed But server Currently not Handle the data]]>
            </line>
          </reporter-output>
        </test-method> <!-- addNewCustomer -->
        <test-method is-config="true" signature="tearDown()[pri:0, instance:com.inetBanking.testCases.TC_AddCustomerTest_003@2aceadd4]" started-at="2025-01-26T15:52:41 IST" name="tearDown" finished-at="2025-01-26T15:52:41 IST" duration-ms="789" status="PASS">
          <reporter-output>
          </reporter-output>
        </test-method> <!-- tearDown -->
      </class> <!-- com.inetBanking.testCases.TC_AddCustomerTest_003 -->
      <class name="com.inetBanking.testCases.TC_LoginDDT_002">
        <test-method is-config="true" signature="toLaunchBrowser(java.lang.String)[pri:0, instance:com.inetBanking.testCases.TC_LoginDDT_002@45c7e403]" started-at="2025-01-26T15:52:46 IST" name="toLaunchBrowser" finished-at="2025-01-26T15:52:50 IST" duration-ms="3219" status="PASS">
          <params>
            <param index="0">
              <value>
                <![CDATA[chrome]]>
              </value>
            </param>
          </params>
          <reporter-output>
            <line>
              <![CDATA[Launching chrome successfully]]>
            </line>
          </reporter-output>
        </test-method> <!-- toLaunchBrowser -->
        <test-method signature="loginDDT(java.lang.String,java.lang.String)[pri:0, instance:com.inetBanking.testCases.TC_LoginDDT_002@45c7e403]" started-at="2025-01-26T15:52:52 IST" name="loginDDT" data-provider="LoginData" finished-at="2025-01-26T15:52:55 IST" duration-ms="3112" status="PASS">
          <params>
            <param index="0">
              <value>
                <![CDATA[mngr164225]]>
              </value>
            </param>
            <param index="1">
              <value>
                <![CDATA[jahetAp]]>
              </value>
            </param>
          </params>
          <reporter-output>
          </reporter-output>
        </test-method> <!-- loginDDT -->
        <test-method signature="loginDDT(java.lang.String,java.lang.String)[pri:0, instance:com.inetBanking.testCases.TC_LoginDDT_002@45c7e403]" started-at="2025-01-26T15:52:55 IST" name="loginDDT" data-provider="LoginData" finished-at="2025-01-26T15:52:57 IST" duration-ms="2611" status="PASS">
          <params>
            <param index="0">
              <value>
                <![CDATA[mngr83460]]>
              </value>
            </param>
            <param index="1">
              <value>
                <![CDATA[qAbUzyj]]>
              </value>
            </param>
          </params>
          <reporter-output>
          </reporter-output>
        </test-method> <!-- loginDDT -->
        <test-method signature="loginDDT(java.lang.String,java.lang.String)[pri:0, instance:com.inetBanking.testCases.TC_LoginDDT_002@45c7e403]" started-at="2025-01-26T15:52:57 IST" name="loginDDT" data-provider="LoginData" finished-at="2025-01-26T15:53:02 IST" duration-ms="4097" status="PASS">
          <params>
            <param index="0">
              <value>
                <![CDATA[mngr137319]]>
              </value>
            </param>
            <param index="1">
              <value>
                <![CDATA[bAdYvyb]]>
              </value>
            </param>
          </params>
          <reporter-output>
          </reporter-output>
        </test-method> <!-- loginDDT -->
        <test-method signature="loginDDT(java.lang.String,java.lang.String)[pri:0, instance:com.inetBanking.testCases.TC_LoginDDT_002@45c7e403]" started-at="2025-01-26T15:53:02 IST" name="loginDDT" data-provider="LoginData" finished-at="2025-01-26T15:53:04 IST" duration-ms="2758" status="PASS">
          <params>
            <param index="0">
              <value>
                <![CDATA[mngr164225]]>
              </value>
            </param>
            <param index="1">
              <value>
                <![CDATA[jahetAp]]>
              </value>
            </param>
          </params>
          <reporter-output>
          </reporter-output>
        </test-method> <!-- loginDDT -->
        <test-method signature="loginDDT(java.lang.String,java.lang.String)[pri:0, instance:com.inetBanking.testCases.TC_LoginDDT_002@45c7e403]" started-at="2025-01-26T15:53:04 IST" name="loginDDT" data-provider="LoginData" finished-at="2025-01-26T15:53:07 IST" duration-ms="2359" status="PASS">
          <params>
            <param index="0">
              <value>
                <![CDATA[mngr112909]]>
              </value>
            </param>
            <param index="1">
              <value>
                <![CDATA[tytUreg]]>
              </value>
            </param>
          </params>
          <reporter-output>
          </reporter-output>
        </test-method> <!-- loginDDT -->
        <test-method signature="loginDDT(java.lang.String,java.lang.String)[pri:0, instance:com.inetBanking.testCases.TC_LoginDDT_002@45c7e403]" started-at="2025-01-26T15:53:07 IST" name="loginDDT" data-provider="LoginData" finished-at="2025-01-26T15:53:11 IST" duration-ms="3788" status="PASS">
          <params>
            <param index="0">
              <value>
                <![CDATA[mngr607750]]>
              </value>
            </param>
            <param index="1">
              <value>
                <![CDATA[ejetAhu]]>
              </value>
            </param>
          </params>
          <reporter-output>
          </reporter-output>
        </test-method> <!-- loginDDT -->
        <test-method signature="loginDDT(java.lang.String,java.lang.String)[pri:0, instance:com.inetBanking.testCases.TC_LoginDDT_002@45c7e403]" started-at="2025-01-26T15:53:11 IST" name="loginDDT" data-provider="LoginData" finished-at="2025-01-26T15:53:13 IST" duration-ms="2442" status="PASS">
          <params>
            <param index="0">
              <value>
                <![CDATA[mngr112909]]>
              </value>
            </param>
            <param index="1">
              <value>
                <![CDATA[tytUreg]]>
              </value>
            </param>
          </params>
          <reporter-output>
          </reporter-output>
        </test-method> <!-- loginDDT -->
        <test-method signature="loginDDT(java.lang.String,java.lang.String)[pri:0, instance:com.inetBanking.testCases.TC_LoginDDT_002@45c7e403]" started-at="2025-01-26T15:53:13 IST" name="loginDDT" data-provider="LoginData" finished-at="2025-01-26T15:53:15 IST" duration-ms="2255" status="PASS">
          <params>
            <param index="0">
              <value>
                <![CDATA[mngr164225]]>
              </value>
            </param>
            <param index="1">
              <value>
                <![CDATA[jahetAp]]>
              </value>
            </param>
          </params>
          <reporter-output>
          </reporter-output>
        </test-method> <!-- loginDDT -->
        <test-method signature="loginDDT(java.lang.String,java.lang.String)[pri:0, instance:com.inetBanking.testCases.TC_LoginDDT_002@45c7e403]" started-at="2025-01-26T15:53:15 IST" name="loginDDT" data-provider="LoginData" finished-at="2025-01-26T15:53:20 IST" duration-ms="4905" status="PASS">
          <params>
            <param index="0">
              <value>
                <![CDATA[mngr607750]]>
              </value>
            </param>
            <param index="1">
              <value>
                <![CDATA[ejetAhu]]>
              </value>
            </param>
          </params>
          <reporter-output>
          </reporter-output>
        </test-method> <!-- loginDDT -->
        <test-method is-config="true" signature="tearDown()[pri:0, instance:com.inetBanking.testCases.TC_LoginDDT_002@45c7e403]" started-at="2025-01-26T15:53:20 IST" name="tearDown" finished-at="2025-01-26T15:53:21 IST" duration-ms="581" status="PASS">
          <reporter-output>
          </reporter-output>
        </test-method> <!-- tearDown -->
      </class> <!-- com.inetBanking.testCases.TC_LoginDDT_002 -->
    </test> <!-- Test -->
  </suite> <!-- Suite -->
</testng-results>
